<?xml version="1.0" encoding="UTF-8"?>
<testng-results ignored="0" total="2" passed="2" failed="0" skipped="0">
  <reporter-output>
  </reporter-output>
  <suite started-at="2023-06-25T01:19:16 IST" name="Suite" finished-at="2023-06-25T01:19:20 IST" duration-ms="4396">
    <groups>
    </groups>
    <test started-at="2023-06-25T01:19:16 IST" name="Test" finished-at="2023-06-25T01:19:20 IST" duration-ms="4396">
      <class name="testcases.Test1">
        <test-method signature="Contactpage()[pri:0, instance:testcases.Test1@78e4deb0]" started-at="2023-06-25T01:19:16 IST" name="Contactpage" finished-at="2023-06-25T01:19:19 IST" duration-ms="2783" status="PASS">
          <reporter-output>
          </reporter-output>
        </test-method> <!-- Contactpage -->
        <test-method signature="Homepage()[pri:0, instance:testcases.Test1@78e4deb0]" started-at="2023-06-25T01:19:19 IST" name="Homepage" finished-at="2023-06-25T01:19:20 IST" duration-ms="1583" status="PASS">
          <reporter-output>
          </reporter-output>
        </test-method> <!-- Homepage -->
      </class> <!-- testcases.Test1 -->
    </test> <!-- Test -->
  </suite> <!-- Suite -->
</testng-results>
